5796: 10:13:39.318 - ---
5796: 10:13:39.318 - Service: "Photon Socket Server" starting
5796: 10:13:39.318 - Config File: C:\Users\Dennis\Documents\GitHub\Project-Zombie\Photon Server\deploy\bin_Win64\PhotonServer.config
5796: 10:13:39.319 - Will produce at most: 10 crash dumps
5796: 10:13:39.319 - Action: run as exe
5796: 10:13:39.319 - Server Starting...
5796: 10:13:39.319 -    Tick count: 44849803 (wraps in: 49.1912 days)
5796: 10:13:39.319 - Tick count 64: 44849803
5796: 10:13:39.319 - Photon Version: 3.4.4.2588
5796: 10:13:39.319 - PID: 2984
5796: 10:13:39.319 - Config File: C:\Users\Dennis\Documents\GitHub\Project-Zombie\Photon Server\deploy\bin_Win64\PhotonServer.config
5796: 10:13:39.320 - Will NOT log unimportant exceptions
5796: 10:13:39.326 - Not using performance counters as they are not currently installed. Run the service with /InstallCounters to install them.
5796: 10:13:39.327 - Shutdown timeout enabled: 30000ms
5796: 10:13:39.327 - Starting I/O thread pool with 2 threads
5796: 10:13:39.327 - Using Standard allocator
5796: 10:13:39.327 - Max message size: 512000
5796: 10:13:39.327 - Starting business logic thread pool with the following settings
5796: 10:13:39.327 - InitialThreads: 4 threads
5796: 10:13:39.327 - MinThreads: 4 threads
5796: 10:13:39.327 - Thread pool is fixed size
5796: 10:13:39.327 - Starting ENet thread pool with the following settings
5796: 10:13:39.327 - InitialThreads: 2 threads
5796: 10:13:39.327 - MinThreads: 2 threads
5796: 10:13:39.327 - Thread pool is fixed size
5796: 10:13:39.327 - OnlyDispatchTimers: False
5796: 10:13:39.327 - S2S: flow control: Max pending writes: 50
5796: 10:13:39.327 - S2S: flow control: Max queued buffers: 200
5796: 10:13:39.327 - S2S: flow control: Max pending writes MUX: 500
5796: 10:13:39.327 - S2S: flow control: Max queued buffers MUX: 2000
5796: 10:13:39.327 - S2S: MaxInboundMessageSize: 512000
5796: 10:13:39.327 - S2S: MaxOutboundMessageSize: 512000
5796: 10:13:39.327 - S2S: No inactivity timeout
5796: 10:13:39.379 - WebSocket S2S: MaxInboundMessageSize: 512000
5796: 10:13:39.379 - WebSocket S2S: MaxOutboundMessageSize: 512000
5796: 10:13:39.379 - WebSocket S2S: No inactivity timeout
5796: 10:13:39.395 - Max Reliable Data In Transit (awaiting ACKs) per peer : 51200 bytes
5796: 10:13:39.395 - Per peer bandwidth limit
5796: 10:13:39.395 - Transmit Rate Limit: 256 KB/Sec
5796: 10:13:39.395 - Limit period: 200ms
5796: 10:13:39.395 - Limit per period: 52428 bytes
5796: 10:13:39.395 - Max queued data for transmission per peer: 512000 bytes
5796: 10:13:39.395 - Minimum retransmit timeout: 200
5796: 10:13:39.395 - Minimum ENet timeout: 5000ms
5796: 10:13:39.395 - Maximum ENet timeout: 30000ms
5796: 10:13:39.395 - Max Inbound Reliable Data Queued (awaiting resends of earlier sequence numbers) per peer : 163840 bytes
5796: 10:13:39.395 - Outbound ENet: MaxInboundMessageSize: 512000
5796: 10:13:39.395 - Outbound ENet: MaxOutboundMessageSize: 512000
5796: 10:13:39.432 - GetRuntime - About to load CLR - versions available:
5796: 10:13:39.432 - v2.0.50727
5796: 10:13:39.432 - v4.0.30319
5796: 10:13:39.432 - Configuration requests: "v2.0.50727"
5796: 10:13:39.432 - About to load version: "v2.0.50727"
5796: 10:13:39.695 - About to load runtime: PhotonHostRuntime.PhotonDomainManager from PhotonHostRuntime, Culture=neutral, PublicKeyToken=02C301B61B060C4D
5796: 10:13:39.695 - CLRBaseDirectory set to "C:\Users\Dennis\Documents\GitHub\Project-Zombie\Photon Server\deploy"
5796: 10:13:39.695 - Optimising event broadcast for 20 or more peers
5796: 10:13:39.696 - Start: About to load CLR - versions available:
5796: 10:13:39.696 - v2.0.50727
5796: 10:13:39.696 - v4.0.30319
5796: 10:13:39.696 - No preference in configuration file, will load latest.
5796: 10:13:39.696 - About to load version: "v4.0.30319"
5796: 10:13:39.748 - Loaded version: "v4.0.30319"
5796: 10:13:41.612 - Photon host runtime loaded
5796: 10:13:51.502 - LICENSE: No license file was found. Starting with Bootstrap License.
5796: 10:13:51.502 - License is valid.
5796: 10:13:51.502 - Licensed for 20 concurrent connections.
5796: 10:13:51.502 - ENet: Max Reliable Data In Transit (awaiting ACKs) per peer : 51200 bytes
5796: 10:13:51.502 - ENet: Per peer bandwidth limit
5796: 10:13:51.502 - ENet: Transmit Rate Limit: 256 KB/Sec
5796: 10:13:51.502 - ENet: Limit period: 200ms
5796: 10:13:51.502 - ENet: Limit per period: 52428 bytes
5796: 10:13:51.502 - ENet: Max queued data for transmission per peer: 512000 bytes
5796: 10:13:51.502 - ENet: Minimum retransmit timeout: 200
5796: 10:13:51.502 - ENet: Minimum timeout: 5000ms
5796: 10:13:51.502 - ENet: Maximum timeout: 30000ms
5796: 10:13:51.502 - ENet: Max Inbound Reliable Data Queued (awaiting resends of earlier sequence numbers) per peer : 163840 bytes
5796: 10:13:51.502 - About to load application: Lite from Lite
5796: 10:13:51.502 - Auto restart is enabled for application, existing connections will be terminated during restart
5796: 10:13:51.502 - Application will restart 1000ms after the last change detected
5796: 10:13:51.503 - Application will restart if files matching the following are changed: "dll;config"
5796: 10:13:51.503 - Application will NOT restart if files matching the following are changed: "log4net.config"
5796: 10:13:52.112 - Taking reference on default app domain
5796: 10:13:52.521 - Application: "Lite" started in app domain: 2
5796: 10:13:52.521 - About to load application: LiteLobby from LiteLobby
5796: 10:13:52.521 - Auto restart is enabled for application, existing connections will be terminated during restart
5796: 10:13:52.521 - Application will restart 1000ms after the last change detected
5796: 10:13:52.521 - Application will restart if files matching the following are changed: "dll;config"
5796: 10:13:52.521 - Application will NOT restart if files matching the following are changed: "log4net.config"
5796: 10:13:52.794 - Taking reference on default app domain
5796: 10:13:52.978 - Application: "LiteLobby" started in app domain: 3
5796: 10:13:52.978 - About to load application: MmoDemo from Photon.MmoDemo.Server
5796: 10:13:52.978 - Auto restart is enabled for application, existing connections will be terminated during restart
5796: 10:13:52.978 - Application will restart 1000ms after the last change detected
5796: 10:13:52.978 - Application will restart if files matching the following are changed: "dll;config"
5796: 10:13:52.978 - Application will NOT restart if files matching the following are changed: "log4net.config"
5796: 10:13:53.238 - Taking reference on default app domain
5796: 10:13:53.422 - Application: "MmoDemo" started in app domain: 4
5796: 10:13:53.422 - About to load application: CounterPublisher from CounterPublisher
5796: 10:13:53.422 - Auto restart is enabled for application, existing connections will be terminated during restart
5796: 10:13:53.422 - Application will restart 1000ms after the last change detected
5796: 10:13:53.422 - Application will restart if files matching the following are changed: "dll;config"
5796: 10:13:53.422 - Application will NOT restart if files matching the following are changed: "log4net.config"
5796: 10:13:53.691 - Taking reference on default app domain
5796: 10:13:53.867 - Application: "CounterPublisher" started in app domain: 5
5796: 10:13:53.868 - Adding TCP listener on :0.0.0.0: 4530 with a listen backlog of: 150
5796: 10:13:53.868 - TCP inactivity timeout: 10000ms
5796: 10:13:53.868 - TCP disconnect timeout: 120000ms
5796: 10:13:53.868 - MaxInboundMessageSize: 512000
5796: 10:13:53.868 - MaxOutboundMessageSize: 512000
5796: 10:13:53.868 - Serving policy file requests from: "C:\Users\Dennis\Documents\GitHub\Project-Zombie\Photon Server\deploy\Policy\assets\socket-policy.xml"
5796: 10:13:53.868 - MaxInboundMessageSize: 512000
5796: 10:13:53.868 - MaxOutboundMessageSize: 512000
5796: 10:13:53.868 - UDP address specified as:0.0.0.0 adding listener to each available IPv4 address
5796: 10:13:53.869 - Adding UDP listener on :192.168.0.21: 5055 with a listen backlog of: 500
5796: 10:13:53.869 - Adding UDP listener on :127.0.0.1: 5055 with a listen backlog of: 500
5796: 10:13:53.869 - Adding WebSocket TCP listener on :0.0.0.0: 9090 with a listen backlog of: 150
5796: 10:13:53.869 - Nagle disabled
5796: 10:13:53.869 - TCP inactivity timeout: 10000ms
5796: 10:13:53.869 - MaxInboundMessageSize: 512000
5796: 10:13:53.869 - MaxOutboundMessageSize: 512000
5796: 10:13:53.869 - Forcing all applications ids to: "Lite"
5796: 10:13:53.869 - Will accept ANY sub-protocols from the client
5796: 10:13:53.869 - No automatic WebSocket ping
5796: 10:13:53.869 - Adding Policy File listener on :0.0.0.0: 843 with a listen backlog of: 150 and serving Policy File: "C:\Users\Dennis\Documents\GitHub\Project-Zombie\Photon Server\deploy\Policy\assets\socket-policy.xml"
5796: 10:13:53.869 - TCP inactivity timeout: 10000ms
5796: 10:13:53.869 - Adding Policy File listener on :0.0.0.0: 943 with a listen backlog of: 150 and serving Policy File: "C:\Users\Dennis\Documents\GitHub\Project-Zombie\Photon Server\deploy\Policy\assets\socket-policy-silverlight.xml"
5796: 10:13:53.869 - TCP inactivity timeout: 10000ms
5796: 10:13:53.903 - Service is running...
